[debug] [2019-02-20T02:42:03.787Z] ----------------------------------------------------------------------
[debug] [2019-02-20T02:42:03.789Z] Command:       /usr/local/bin/node /usr/local/bin/firebase deploy --only hosting
[debug] [2019-02-20T02:42:03.789Z] CLI Version:   6.3.1
[debug] [2019-02-20T02:42:03.789Z] Platform:      darwin
[debug] [2019-02-20T02:42:03.789Z] Node Version:  v8.11.4
[debug] [2019-02-20T02:42:03.790Z] Time:          Tue Feb 19 2019 21:42:03 GMT-0500 (EST)
[debug] [2019-02-20T02:42:03.790Z] ----------------------------------------------------------------------
[debug] 
[debug] [2019-02-20T02:42:03.802Z] > command requires scopes: ["email","openid","https://www.googleapis.com/auth/cloudplatformprojects.readonly","https://www.googleapis.com/auth/firebase","https://www.googleapis.com/auth/cloud-platform"]
[debug] [2019-02-20T02:42:03.802Z] > authorizing via signed-in user
[debug] [2019-02-20T02:42:03.802Z] [iam] checking project kap-project-nsh-2504 for permissions ["firebase.projects.get","firebasehosting.sites.update"]
[debug] [2019-02-20T02:42:03.804Z] > refreshing access token with scopes: ["email","https://www.googleapis.com/auth/cloud-platform","https://www.googleapis.com/auth/cloudplatformprojects.readonly","https://www.googleapis.com/auth/firebase","openid"]
[debug] [2019-02-20T02:42:03.804Z] >>> HTTP REQUEST POST https://www.googleapis.com/oauth2/v3/token  
 <request body omitted>
[debug] [2019-02-20T02:42:03.984Z] <<< HTTP RESPONSE 200
[debug] [2019-02-20T02:42:03.995Z] >>> HTTP REQUEST POST https://cloudresourcemanager.googleapis.com/v1/projects/kap-project-nsh-2504:testIamPermissions  

[debug] [2019-02-20T02:42:04.195Z] <<< HTTP RESPONSE 200
[debug] [2019-02-20T02:42:04.197Z] >>> HTTP REQUEST GET https://firebase.googleapis.com/v1beta1/projects/kap-project-nsh-2504  
 
[debug] [2019-02-20T02:42:04.464Z] <<< HTTP RESPONSE 200
[info] 
[info] === Deploying to 'kap-project-nsh-2504'...
[info] 
[info] i  deploying hosting
[debug] [2019-02-20T02:42:07.720Z] >>> HTTP REQUEST POST https://firebasehosting.googleapis.com/v1beta1/sites/unakite-v2/versions  

[debug] [2019-02-20T02:42:08.636Z] <<< HTTP RESPONSE 200
[info] i  hosting[unakite-v2]: beginning deploy...
[info] i  hosting[unakite-v2]: found 12 files in build
[debug] [2019-02-20T02:42:08.648Z] [hosting] hash cache [YnVpbGQ] load error: lines is not defined
[debug] [2019-02-20T02:42:11.288Z] [hosting] hash cache [YnVpbGQ] stored for 12 files
[debug] [2019-02-20T02:42:11.288Z] [hosting][hash queue][FINAL]
[debug] [2019-02-20T02:42:11.289Z] >>> HTTP REQUEST POST https://firebasehosting.googleapis.com/v1beta1/sites/unakite-v2/versions/206b0b1bcb177a63:populateFiles  
 <request body omitted>
[debug] [2019-02-20T02:42:12.214Z] <<< HTTP RESPONSE 200
[debug] [2019-02-20T02:42:12.218Z] [hosting][populate queue][FINAL]
[debug] [2019-02-20T02:42:12.218Z] [hosting] uploads queued: 5
